<?xml version="1.0" encoding="UTF-8"?>
<testsuite name="MainTest" tests="60" skipped="0" failures="0" errors="0" timestamp="2020-07-13T19:03:13" hostname="fv-az692" time="0.206">
  <properties/>
  <testcase name="[REFERENCE:3411789] mainTest1" classname="MainTest" subjects="3411789" time="0.009"/>
  <testcase name="mainTest2" classname="MainTest" time="0.002"/>
  <testcase name="mainTest3" classname="MainTest" time="0.001"/>
  <testcase name="mainTest4" classname="MainTest" time="0.002"/>
  <testcase name="mainTest5" classname="MainTest" time="0.001"/>
  <testcase name="mainTest6" classname="MainTest" time="0.001"/>
  <testcase name="mainTest7" classname="MainTest" time="0.002"/>
  <testcase name="mainTest8" classname="MainTest" time="0.002"/>
  <testcase name="mainTest9" classname="MainTest" time="0.003"/>
  <testcase name="mainTest10" classname="MainTest" time="0.001"/>
  <testcase name="mainTest11" classname="MainTest" time="0.005"/>
  <testcase name="mainTest12" classname="MainTest" time="0.003"/>
  <testcase name="mainTest13" classname="MainTest" time="0.002"/>
  <testcase name="mainTest14" classname="MainTest" time="0.004"/>
  <testcase name="mainTest15" classname="MainTest" time="0.001"/>
  <testcase name="mainTest16" classname="MainTest" time="0.002"/>
  <testcase name="mainTest17" classname="MainTest" time="0.007"/>
  <testcase name="mainTest18" classname="MainTest" time="0.001"/>
  <testcase name="mainTest19" classname="MainTest" time="0.004"/>
  <testcase name="mainTest20" classname="MainTest" time="0.002"/>
  <testcase name="mainTest21" classname="MainTest" time="0.001"/>
  <testcase name="mainTest22" classname="MainTest" time="0.001"/>
  <testcase name="mainTest23" classname="MainTest" time="0.0"/>
  <testcase name="mainTest24" classname="MainTest" time="0.001"/>
  <testcase name="mainTest25" classname="MainTest" time="0.001"/>
  <testcase name="mainTest26" classname="MainTest" time="0.001"/>
  <testcase name="mainTest27" classname="MainTest" time="0.003"/>
  <testcase name="mainTest28" classname="MainTest" time="0.001"/>
  <testcase name="mainTest29" classname="MainTest" time="0.001"/>
  <testcase name="mainTest30" classname="MainTest" time="0.001"/>
  <testcase name="mainTest1" classname="MainTest" time="0.001"/>
  <testcase name="mainTest2" classname="MainTest" time="0.001"/>
  <testcase name="mainTest3" classname="MainTest" time="0.005"/>
  <testcase name="mainTest4" classname="MainTest" time="0.002"/>
  <testcase name="mainTest5" classname="MainTest" time="0.0"/>
  <testcase name="mainTest6" classname="MainTest" time="0.001"/>
  <testcase name="mainTest7" classname="MainTest" time="0.002"/>
  <testcase name="mainTest8" classname="MainTest" time="0.002"/>
  <testcase name="mainTest9" classname="MainTest" time="0.001"/>
  <testcase name="mainTest10" classname="MainTest" time="0.002"/>
  <testcase name="mainTest11" classname="MainTest" time="0.002"/>
  <testcase name="mainTest12" classname="MainTest" time="0.001"/>
  <testcase name="mainTest13" classname="MainTest" time="0.001"/>
  <testcase name="mainTest14" classname="MainTest" time="0.001"/>
  <testcase name="mainTest15" classname="MainTest" time="0.001"/>
  <testcase name="mainTest16" classname="MainTest" time="0.001"/>
  <testcase name="mainTest17" classname="MainTest" time="0.0"/>
  <testcase name="mainTest18" classname="MainTest" time="0.001"/>
  <testcase name="mainTest19" classname="MainTest" time="0.001"/>
  <testcase name="mainTest20" classname="MainTest" time="0.001"/>
  <testcase name="mainTest21" classname="MainTest" time="0.001"/>
  <testcase name="mainTest22" classname="MainTest" time="0.0"/>
  <testcase name="mainTest23" classname="MainTest" time="0.001"/>
  <testcase name="mainTest24" classname="MainTest" time="0.002"/>
  <testcase name="mainTest25" classname="MainTest" time="0.001"/>
  <testcase name="mainTest26" classname="MainTest" time="0.0"/>
  <testcase name="mainTest27" classname="MainTest" time="0.004"/>
  <testcase name="mainTest28" classname="MainTest" time="0.002"/>
  <testcase name="mainTest29" classname="MainTest" time="0.001"/>
  <testcase name="mainTest30" classname="MainTest" time="0.001"/>
  <system-out><![CDATA[]]></system-out>
  <system-err><![CDATA[]]></system-err>
</testsuite>
